<?xml version="1.0" encoding="UTF-8"?>
<testsuite xmlns:xsi="http://www.w3.org/2001/XMLSchema-instance" xsi:noNamespaceSchemaLocation="https://maven.apache.org/surefire/maven-surefire-plugin/xsd/surefire-test-report-3.0.xsd" version="3.0" name="TestSuite" time="321.766" tests="8" errors="0" skipped="0" failures="0">
  <properties>
    <property name="sun.desktop" value="windows"/>
    <property name="awt.toolkit" value="sun.awt.windows.WToolkit"/>
    <property name="file.encoding.pkg" value="sun.io"/>
    <property name="java.specification.version" value="1.8"/>
    <property name="sun.cpu.isalist" value="amd64"/>
    <property name="sun.jnu.encoding" value="Cp1252"/>
    <property name="java.class.path" value="C:\Users\spassalacqua\.m2\repository\org\apache\maven\surefire\surefire-booter\3.0.0-M3\surefire-booter-3.0.0-M3.jar;C:\Users\spassalacqua\.m2\repository\org\apache\maven\surefire\surefire-api\3.0.0-M3\surefire-api-3.0.0-M3.jar;C:\Users\spassalacqua\.m2\repository\org\apache\maven\surefire\surefire-logger-api\3.0.0-M3\surefire-logger-api-3.0.0-M3.jar;C:\Users\spassalacqua\Documents\GitHub\WAES\target\test-classes;C:\Users\spassalacqua\Documents\GitHub\WAES\target\classes;C:\Users\spassalacqua\.m2\repository\com\qaprosoft\carina-core\6.2.27\carina-core-6.2.27.jar;C:\Users\spassalacqua\.m2\repository\com\qaprosoft\carina-dataprovider\6.2.27\carina-dataprovider-6.2.27.jar;C:\Users\spassalacqua\.m2\repository\com\qaprosoft\carina-commons\6.2.27\carina-commons-6.2.27.jar;C:\Users\spassalacqua\.m2\repository\net\sf\opencsv\opencsv\1.7\opencsv-1.7.jar;C:\Users\spassalacqua\.m2\repository\org\apache\poi\poi-ooxml\3.11-beta3\poi-ooxml-3.11-beta3.jar;C:\Users\spassalacqua\.m2\repository\org\apache\poi\poi\3.11-beta3\poi-3.11-beta3.jar;C:\Users\spassalacqua\.m2\repository\org\apache\poi\poi-ooxml-schemas\3.11-beta3\poi-ooxml-schemas-3.11-beta3.jar;C:\Users\spassalacqua\.m2\repository\org\apache\xmlbeans\xmlbeans\2.6.0\xmlbeans-2.6.0.jar;C:\Users\spassalacqua\.m2\repository\stax\stax-api\1.0.1\stax-api-1.0.1.jar;C:\Users\spassalacqua\.m2\repository\com\google\apis\google-api-services-sheets\v4-rev581-1.25.0\google-api-services-sheets-v4-rev581-1.25.0.jar;C:\Users\spassalacqua\.m2\repository\com\qaprosoft\carina-utils\6.2.27\carina-utils-6.2.27.jar;C:\Users\spassalacqua\.m2\repository\com\qaprosoft\carina-crypto\6.2.27\carina-crypto-6.2.27.jar;C:\Users\spassalacqua\.m2\repository\commons-cli\commons-cli\1.2\commons-cli-1.2.jar;C:\Users\spassalacqua\.m2\repository\org\seleniumhq\selenium\selenium-remote-driver\3.141.59\selenium-remote-driver-3.141.59.jar;C:\Users\spassalacqua\.m2\repository\com\sun\jna\jna\3.0.9\jna-3.0.9.jar;C:\Users\spassalacqua\.m2\repository\com\jayway\restassured\rest-assured\2.9.0\rest-assured-2.9.0.jar;C:\Users\spassalacqua\.m2\repository\org\codehaus\groovy\groovy\2.4.4\groovy-2.4.4.jar;C:\Users\spassalacqua\.m2\repository\org\codehaus\groovy\groovy-xml\2.4.4\groovy-xml-2.4.4.jar;C:\Users\spassalacqua\.m2\repository\org\apache\httpcomponents\httpmime\4.5.1\httpmime-4.5.1.jar;C:\Users\spassalacqua\.m2\repository\org\ccil\cowan\tagsoup\tagsoup\1.2.1\tagsoup-1.2.1.jar;C:\Users\spassalacqua\.m2\repository\com\jayway\restassured\xml-path\2.9.0\xml-path-2.9.0.jar;C:\Users\spassalacqua\.m2\repository\com\jayway\restassured\json-path\2.9.0\json-path-2.9.0.jar;C:\Users\spassalacqua\.m2\repository\org\codehaus\groovy\groovy-json\2.4.4\groovy-json-2.4.4.jar;C:\Users\spassalacqua\.m2\repository\com\jayway\restassured\rest-assured-common\2.9.0\rest-assured-common-2.9.0.jar;C:\Users\spassalacqua\.m2\repository\org\apache\pdfbox\pdfbox\2.0.15\pdfbox-2.0.15.jar;C:\Users\spassalacqua\.m2\repository\org\apache\pdfbox\fontbox\2.0.15\fontbox-2.0.15.jar;C:\Users\spassalacqua\.m2\repository\com\fasterxml\jackson\core\jackson-databind\2.9.10\jackson-databind-2.9.10.jar;C:\Users\spassalacqua\.m2\repository\com\fasterxml\jackson\core\jackson-core\2.9.10\jackson-core-2.9.10.jar;C:\Users\spassalacqua\.m2\repository\com\fasterxml\jackson\core\jackson-annotations\2.9.9\jackson-annotations-2.9.9.jar;C:\Users\spassalacqua\.m2\repository\org\mongodb\mongo-java-driver\2.11.3\mongo-java-driver-2.11.3.jar;C:\Users\spassalacqua\.m2\repository\joda-time\joda-time\2.9.9\joda-time-2.9.9.jar;C:\Users\spassalacqua\.m2\repository\commons-net\commons-net\3.3\commons-net-3.3.jar;C:\Users\spassalacqua\.m2\repository\net\rcarz\jira-client\0.5\jira-client-0.5.jar;C:\Users\spassalacqua\.m2\repository\net\sf\json-lib\json-lib\2.4\json-lib-2.4-jdk15.jar;C:\Users\spassalacqua\.m2\repository\net\sf\ezmorph\ezmorph\1.0.6\ezmorph-1.0.6.jar;C:\Users\spassalacqua\.m2\repository\commons-httpclient\commons-httpclient\3.1\commons-httpclient-3.1.jar;C:\Users\spassalacqua\.m2\repository\org\imgscalr\imgscalr-lib\4.2\imgscalr-lib-4.2.jar;C:\Users\spassalacqua\.m2\repository\com\google\code\gson\gson\2.8.5\gson-2.8.5.jar;C:\Users\spassalacqua\.m2\repository\com\google\guava\guava\25.0-jre\guava-25.0-jre.jar;C:\Users\spassalacqua\.m2\repository\com\google\code\findbugs\jsr305\1.3.9\jsr305-1.3.9.jar;C:\Users\spassalacqua\.m2\repository\org\checkerframework\checker-compat-qual\2.0.0\checker-compat-qual-2.0.0.jar;C:\Users\spassalacqua\.m2\repository\com\google\errorprone\error_prone_annotations\2.1.3\error_prone_annotations-2.1.3.jar;C:\Users\spassalacqua\.m2\repository\com\google\j2objc\j2objc-annotations\1.1\j2objc-annotations-1.1.jar;C:\Users\spassalacqua\.m2\repository\org\codehaus\mojo\animal-sniffer-annotations\1.14\animal-sniffer-annotations-1.14.jar;C:\Users\spassalacqua\.m2\repository\javax\xml\bind\jaxb-api\2.2.2\jaxb-api-2.2.2.jar;C:\Users\spassalacqua\.m2\repository\javax\xml\stream\stax-api\1.0-2\stax-api-1.0-2.jar;C:\Users\spassalacqua\.m2\repository\javax\activation\activation\1.1\activation-1.1.jar;C:\Users\spassalacqua\.m2\repository\com\qaprosoft\carina-api\6.2.27\carina-api-6.2.27.jar;C:\Users\spassalacqua\.m2\repository\commons-configuration\commons-configuration\1.7\commons-configuration-1.7.jar;C:\Users\spassalacqua\.m2\repository\commons-digester\commons-digester\1.8.1\commons-digester-1.8.1.jar;C:\Users\spassalacqua\.m2\repository\org\freemarker\freemarker\2.3.14\freemarker-2.3.14.jar;C:\Users\spassalacqua\.m2\repository\org\skyscreamer\jsonassert\1.2.3\jsonassert-1.2.3.jar;C:\Users\spassalacqua\.m2\repository\com\github\fge\json-schema-validator\2.2.6\json-schema-validator-2.2.6.jar;C:\Users\spassalacqua\.m2\repository\com\googlecode\libphonenumber\libphonenumber\6.2\libphonenumber-6.2.jar;C:\Users\spassalacqua\.m2\repository\com\github\fge\json-schema-core\1.2.5\json-schema-core-1.2.5.jar;C:\Users\spassalacqua\.m2\repository\com\github\fge\uri-template\0.9\uri-template-0.9.jar;C:\Users\spassalacqua\.m2\repository\com\github\fge\msg-simple\1.1\msg-simple-1.1.jar;C:\Users\spassalacqua\.m2\repository\com\github\fge\btf\1.2\btf-1.2.jar;C:\Users\spassalacqua\.m2\repository\com\github\fge\jackson-coreutils\1.8\jackson-coreutils-1.8.jar;C:\Users\spassalacqua\.m2\repository\org\mozilla\rhino\1.7R4\rhino-1.7R4.jar;C:\Users\spassalacqua\.m2\repository\javax\mail\mailapi\1.4.3\mailapi-1.4.3.jar;C:\Users\spassalacqua\.m2\repository\net\sf\jopt-simple\jopt-simple\4.6\jopt-simple-4.6.jar;C:\Users\spassalacqua\.m2\repository\org\everit\json\org.everit.json.schema\1.5.1\org.everit.json.schema-1.5.1.jar;C:\Users\spassalacqua\.m2\repository\org\hamcrest\hamcrest-library\1.3\hamcrest-library-1.3.jar;C:\Users\spassalacqua\.m2\repository\org\json\json\20090211\json-20090211.jar;C:\Users\spassalacqua\.m2\repository\org\hamcrest\hamcrest-core\1.3\hamcrest-core-1.3.jar;C:\Users\spassalacqua\.m2\repository\com\qaprosoft\carina-reporting\6.2.27\carina-reporting-6.2.27.jar;C:\Users\spassalacqua\.m2\repository\com\pojosontheweb\monte-repack\1.0\monte-repack-1.0.jar;C:\Users\spassalacqua\.m2\repository\javax\media\jai\com.springsource.javax.media.jai.core\1.1.3\com.springsource.javax.media.jai.core-1.1.3.jar;C:\Users\spassalacqua\.m2\repository\javax\media\jai\com.springsource.javax.media.jai.codec\1.1.3\com.springsource.javax.media.jai.codec-1.1.3.jar;C:\Users\spassalacqua\.m2\repository\javax\media\jmf\2.1.1e\jmf-2.1.1e.jar;C:\Users\spassalacqua\.m2\repository\com\qaprosoft\carina-webdriver\6.2.27\carina-webdriver-6.2.27.jar;C:\Users\spassalacqua\.m2\repository\org\seleniumhq\selenium\selenium-firefox-driver\3.141.59\selenium-firefox-driver-3.141.59.jar;C:\Users\spassalacqua\.m2\repository\org\seleniumhq\selenium\selenium-chrome-driver\3.141.59\selenium-chrome-driver-3.141.59.jar;C:\Users\spassalacqua\.m2\repository\ru\yandex\qatools\ashot\ashot\1.5.3\ashot-1.5.3.jar;C:\Users\spassalacqua\.m2\repository\com\googlecode\lambdaj\lambdaj\2.3.3\lambdaj-2.3.3.jar;C:\Users\spassalacqua\.m2\repository\org\objenesis\objenesis\1.2\objenesis-1.2.jar;C:\Users\spassalacqua\.m2\repository\cglib\cglib-nodep\2.2\cglib-nodep-2.2.jar;C:\Users\spassalacqua\.m2\repository\com\itextpdf\itextpdf\5.0.6\itextpdf-5.0.6.jar;C:\Users\spassalacqua\.m2\repository\com\qaprosoft\alice-client\1.1.0\alice-client-1.1.0.jar;C:\Users\spassalacqua\.m2\repository\com\qaprosoft\alice-models\1.1.0\alice-models-1.1.0.jar;C:\Users\spassalacqua\.m2\repository\org\springframework\spring-tx\4.3.2.RELEASE\spring-tx-4.3.2.RELEASE.jar;C:\Users\spassalacqua\.m2\repository\org\springframework\spring-jdbc\4.3.2.RELEASE\spring-jdbc-4.3.2.RELEASE.jar;C:\Users\spassalacqua\.m2\repository\org\springframework\data\spring-data-mongodb\1.9.2.RELEASE\spring-data-mongodb-1.9.2.RELEASE.jar;C:\Users\spassalacqua\.m2\repository\org\springframework\data\spring-data-commons\1.12.2.RELEASE\spring-data-commons-1.12.2.RELEASE.jar;C:\Users\spassalacqua\.m2\repository\org\springframework\data\spring-data-redis\1.7.2.RELEASE\spring-data-redis-1.7.2.RELEASE.jar;C:\Users\spassalacqua\.m2\repository\org\springframework\data\spring-data-keyvalue\1.1.2.RELEASE\spring-data-keyvalue-1.1.2.RELEASE.jar;C:\Users\spassalacqua\.m2\repository\org\springframework\spring-oxm\4.2.6.RELEASE\spring-oxm-4.2.6.RELEASE.jar;C:\Users\spassalacqua\.m2\repository\org\springframework\spring-context-support\4.2.6.RELEASE\spring-context-support-4.2.6.RELEASE.jar;C:\Users\spassalacqua\.m2\repository\org\springframework\security\spring-security-core\4.2.3.RELEASE\spring-security-core-4.2.3.RELEASE.jar;C:\Users\spassalacqua\.m2\repository\net\sourceforge\jtds\jtds\1.3.1\jtds-1.3.1.jar;C:\Users\spassalacqua\.m2\repository\javax\servlet\jstl\1.2\jstl-1.2.jar;C:\Users\spassalacqua\.m2\repository\com\sun\jersey\contribs\jersey-multipart\1.19.4\jersey-multipart-1.19.4.jar;C:\Users\spassalacqua\.m2\repository\org\jvnet\mimepull\mimepull\1.9.3\mimepull-1.9.3.jar;C:\Users\spassalacqua\.m2\repository\org\reflections\reflections\0.9.10\reflections-0.9.10.jar;C:\Users\spassalacqua\.m2\repository\org\javassist\javassist\3.19.0-GA\javassist-3.19.0-GA.jar;C:\Users\spassalacqua\.m2\repository\com\google\code\findbugs\annotations\2.0.1\annotations-2.0.1.jar;C:\Users\spassalacqua\.m2\repository\com\sun\jersey\jersey-core\1.19.4\jersey-core-1.19.4.jar;C:\Users\spassalacqua\.m2\repository\javax\ws\rs\jsr311-api\1.1.1\jsr311-api-1.1.1.jar;C:\Users\spassalacqua\.m2\repository\org\hamcrest\hamcrest-all\1.3\hamcrest-all-1.3.jar;C:\Users\spassalacqua\.m2\repository\com\qaprosoft\carina-hockeyapp\6.2.27\carina-hockeyapp-6.2.27.jar;C:\Users\spassalacqua\.m2\repository\org\springframework\spring-web\4.1.1.RELEASE\spring-web-4.1.1.RELEASE.jar;C:\Users\spassalacqua\.m2\repository\org\springframework\spring-aop\4.1.1.RELEASE\spring-aop-4.1.1.RELEASE.jar;C:\Users\spassalacqua\.m2\repository\aopalliance\aopalliance\1.0\aopalliance-1.0.jar;C:\Users\spassalacqua\.m2\repository\org\springframework\spring-beans\4.1.1.RELEASE\spring-beans-4.1.1.RELEASE.jar;C:\Users\spassalacqua\.m2\repository\org\springframework\spring-core\4.1.1.RELEASE\spring-core-4.1.1.RELEASE.jar;C:\Users\spassalacqua\.m2\repository\com\qaprosoft\carina-aws-s3\6.2.27\carina-aws-s3-6.2.27.jar;C:\Users\spassalacqua\.m2\repository\com\amazonaws\aws-java-sdk-core\1.11.386\aws-java-sdk-core-1.11.386.jar;C:\Users\spassalacqua\.m2\repository\software\amazon\ion\ion-java\1.0.2\ion-java-1.0.2.jar;C:\Users\spassalacqua\.m2\repository\com\fasterxml\jackson\dataformat\jackson-dataformat-cbor\2.6.7\jackson-dataformat-cbor-2.6.7.jar;C:\Users\spassalacqua\.m2\repository\com\qaprosoft\carina-proxy\6.2.27\carina-proxy-6.2.27.jar;C:\Users\spassalacqua\.m2\repository\net\lightbody\bmp\browsermob-core\2.1.5\browsermob-core-2.1.5.jar;C:\Users\spassalacqua\.m2\repository\net\lightbody\bmp\littleproxy\1.1.0-beta-bmp-17\littleproxy-1.1.0-beta-bmp-17.jar;C:\Users\spassalacqua\.m2\repository\dnsjava\dnsjava\2.1.8\dnsjava-2.1.8.jar;C:\Users\spassalacqua\.m2\repository\org\slf4j\jcl-over-slf4j\1.7.25\jcl-over-slf4j-1.7.25.jar;C:\Users\spassalacqua\.m2\repository\com\jcraft\jzlib\1.1.3\jzlib-1.1.3.jar;C:\Users\spassalacqua\.m2\repository\org\bouncycastle\bcprov-jdk15on\1.58\bcprov-jdk15on-1.58.jar;C:\Users\spassalacqua\.m2\repository\org\bouncycastle\bcpkix-jdk15on\1.58\bcpkix-jdk15on-1.58.jar;C:\Users\spassalacqua\.m2\repository\net\lightbody\bmp\mitm\2.1.5\mitm-2.1.5.jar;C:\Users\spassalacqua\.m2\repository\io\netty\netty-all\4.1.17.Final\netty-all-4.1.17.Final.jar;C:\Users\spassalacqua\.m2\repository\org\apache\commons\commons-lang3\3.5\commons-lang3-3.5.jar;C:\Users\spassalacqua\.m2\repository\commons-io\commons-io\2.5\commons-io-2.5.jar;C:\Users\spassalacqua\.m2\repository\commons-collections\commons-collections\3.2.1\commons-collections-3.2.1.jar;C:\Users\spassalacqua\.m2\repository\com\qaprosoft\zafira-client\4.1.63\zafira-client-4.1.63.jar;C:\Users\spassalacqua\.m2\repository\org\apache\commons\commons-configuration2\2.5\commons-configuration2-2.5.jar;C:\Users\spassalacqua\.m2\repository\org\apache\commons\commons-text\1.8\commons-text-1.8.jar;C:\Users\spassalacqua\.m2\repository\com\google\http-client\google-http-client-jackson2\1.31.0\google-http-client-jackson2-1.31.0.jar;C:\Users\spassalacqua\.m2\repository\com\google\http-client\google-http-client\1.31.0\google-http-client-1.31.0.jar;C:\Users\spassalacqua\.m2\repository\io\opencensus\opencensus-api\0.21.0\opencensus-api-0.21.0.jar;C:\Users\spassalacqua\.m2\repository\io\grpc\grpc-context\1.19.0\grpc-context-1.19.0.jar;C:\Users\spassalacqua\.m2\repository\io\opencensus\opencensus-contrib-http-util\0.21.0\opencensus-contrib-http-util-0.21.0.jar;C:\Users\spassalacqua\.m2\repository\com\sun\jersey\jersey-client\1.19.4\jersey-client-1.19.4.jar;C:\Users\spassalacqua\.m2\repository\com\sun\jersey\jersey-json\1.19.4\jersey-json-1.19.4.jar;C:\Users\spassalacqua\.m2\repository\org\codehaus\jettison\jettison\1.1\jettison-1.1.jar;C:\Users\spassalacqua\.m2\repository\com\sun\xml\bind\jaxb-impl\2.2.3-1\jaxb-impl-2.2.3-1.jar;C:\Users\spassalacqua\.m2\repository\org\codehaus\jackson\jackson-core-asl\1.9.2\jackson-core-asl-1.9.2.jar;C:\Users\spassalacqua\.m2\repository\org\codehaus\jackson\jackson-mapper-asl\1.9.2\jackson-mapper-asl-1.9.2.jar;C:\Users\spassalacqua\.m2\repository\org\codehaus\jackson\jackson-jaxrs\1.9.2\jackson-jaxrs-1.9.2.jar;C:\Users\spassalacqua\.m2\repository\org\codehaus\jackson\jackson-xc\1.9.2\jackson-xc-1.9.2.jar;C:\Users\spassalacqua\.m2\repository\com\owlike\genson\0.99\genson-0.99.jar;C:\Users\spassalacqua\.m2\repository\org\slf4j\slf4j-api\1.7.26\slf4j-api-1.7.26.jar;C:\Users\spassalacqua\.m2\repository\com\rabbitmq\amqp-client\5.7.2\amqp-client-5.7.2.jar;C:\Users\spassalacqua\.m2\repository\com\google\api-client\google-api-client\1.30.2\google-api-client-1.30.2.jar;C:\Users\spassalacqua\.m2\repository\com\google\oauth-client\google-oauth-client\1.30.1\google-oauth-client-1.30.1.jar;C:\Users\spassalacqua\.m2\repository\javax\validation\validation-api\2.0.1.Final\validation-api-2.0.1.Final.jar;C:\Users\spassalacqua\.m2\repository\org\hibernate\validator\hibernate-validator\6.0.17.Final\hibernate-validator-6.0.17.Final.jar;C:\Users\spassalacqua\.m2\repository\org\jboss\logging\jboss-logging\3.3.2.Final\jboss-logging-3.3.2.Final.jar;C:\Users\spassalacqua\.m2\repository\com\fasterxml\classmate\1.3.4\classmate-1.3.4.jar;C:\Users\spassalacqua\.m2\repository\commons-beanutils\commons-beanutils\1.9.3\commons-beanutils-1.9.3.jar;C:\Users\spassalacqua\.m2\repository\org\seleniumhq\selenium\selenium-support\3.141.59\selenium-support-3.141.59.jar;C:\Users\spassalacqua\.m2\repository\net\bytebuddy\byte-buddy\1.8.15\byte-buddy-1.8.15.jar;C:\Users\spassalacqua\.m2\repository\org\apache\commons\commons-exec\1.3\commons-exec-1.3.jar;C:\Users\spassalacqua\.m2\repository\com\squareup\okhttp3\okhttp\3.11.0\okhttp-3.11.0.jar;C:\Users\spassalacqua\.m2\repository\com\squareup\okio\okio\1.14.0\okio-1.14.0.jar;C:\Users\spassalacqua\.m2\repository\org\seleniumhq\selenium\selenium-api\3.141.59\selenium-api-3.141.59.jar;C:\Users\spassalacqua\.m2\repository\com\amazonaws\aws-java-sdk-s3\1.11.386\aws-java-sdk-s3-1.11.386.jar;C:\Users\spassalacqua\.m2\repository\org\testng\testng\6.14.3\testng-6.14.3.jar;C:\Users\spassalacqua\.m2\repository\com\beust\jcommander\1.72\jcommander-1.72.jar;C:\Users\spassalacqua\.m2\repository\org\apache-extras\beanshell\bsh\2.0b6\bsh-2.0b6.jar;C:\Users\spassalacqua\.m2\repository\io\appium\java-client\7.0.0\java-client-7.0.0.jar;C:\Users\spassalacqua\.m2\repository\org\seleniumhq\selenium\selenium-java\3.141.59\selenium-java-3.141.59.jar;C:\Users\spassalacqua\.m2\repository\org\seleniumhq\selenium\selenium-edge-driver\3.141.59\selenium-edge-driver-3.141.59.jar;C:\Users\spassalacqua\.m2\repository\org\seleniumhq\selenium\selenium-ie-driver\3.141.59\selenium-ie-driver-3.141.59.jar;C:\Users\spassalacqua\.m2\repository\org\seleniumhq\selenium\selenium-opera-driver\3.141.59\selenium-opera-driver-3.141.59.jar;C:\Users\spassalacqua\.m2\repository\org\seleniumhq\selenium\selenium-safari-driver\3.141.59\selenium-safari-driver-3.141.59.jar;C:\Users\spassalacqua\.m2\repository\cglib\cglib\3.2.8\cglib-3.2.8.jar;C:\Users\spassalacqua\.m2\repository\org\ow2\asm\asm\6.2.1\asm-6.2.1.jar;C:\Users\spassalacqua\.m2\repository\org\apache\ant\ant\1.10.3\ant-1.10.3.jar;C:\Users\spassalacqua\.m2\repository\org\apache\ant\ant-launcher\1.10.3\ant-launcher-1.10.3.jar;C:\Users\spassalacqua\.m2\repository\commons-validator\commons-validator\1.6\commons-validator-1.6.jar;C:\Users\spassalacqua\.m2\repository\org\springframework\spring-context\5.1.0.RELEASE\spring-context-5.1.0.RELEASE.jar;C:\Users\spassalacqua\.m2\repository\org\springframework\spring-expression\5.1.0.RELEASE\spring-expression-5.1.0.RELEASE.jar;C:\Users\spassalacqua\.m2\repository\org\aspectj\aspectjweaver\1.9.1\aspectjweaver-1.9.1.jar;C:\Users\spassalacqua\.m2\repository\com\qaprosoft\carina-cucumber\1.0.2\carina-cucumber-1.0.2.jar;C:\Users\spassalacqua\.m2\repository\info\cukes\cucumber-testng\1.2.5\cucumber-testng-1.2.5.jar;C:\Users\spassalacqua\.m2\repository\info\cukes\cucumber-core\1.2.5\cucumber-core-1.2.5.jar;C:\Users\spassalacqua\.m2\repository\info\cukes\cucumber-html\0.2.3\cucumber-html-0.2.3.jar;C:\Users\spassalacqua\.m2\repository\info\cukes\cucumber-jvm-deps\1.0.5\cucumber-jvm-deps-1.0.5.jar;C:\Users\spassalacqua\.m2\repository\info\cukes\gherkin\2.12.2\gherkin-2.12.2.jar;C:\Users\spassalacqua\.m2\repository\info\cukes\cucumber-java\1.2.5\cucumber-java-1.2.5.jar;C:\Users\spassalacqua\.m2\repository\net\masterthought\cucumber-reporting\2.6.3\cucumber-reporting-2.6.3.jar;C:\Users\spassalacqua\.m2\repository\org\apache\logging\log4j\log4j-api\2.6.2\log4j-api-2.6.2.jar;C:\Users\spassalacqua\.m2\repository\org\apache\logging\log4j\log4j-core\2.6.2\log4j-core-2.6.2.jar;C:\Users\spassalacqua\.m2\repository\org\apache\velocity\velocity\1.7\velocity-1.7.jar;C:\Users\spassalacqua\.m2\repository\commons-lang\commons-lang\2.4\commons-lang-2.4.jar;C:\Users\spassalacqua\.m2\repository\velocity-tools\velocity-tools\1.4\velocity-tools-1.4.jar;C:\Users\spassalacqua\.m2\repository\net\lingala\zip4j\zip4j\1.3.2\zip4j-1.3.2.jar;C:\Users\spassalacqua\.m2\repository\org\codehaus\plexus\plexus-utils\3.0.24\plexus-utils-3.0.24.jar;C:\Users\spassalacqua\.m2\repository\org\jsoup\jsoup\1.9.2\jsoup-1.9.2.jar;C:\Users\spassalacqua\.m2\repository\org\apache\httpcomponents\httpclient\4.5.3\httpclient-4.5.3.jar;C:\Users\spassalacqua\.m2\repository\org\apache\httpcomponents\httpcore\4.4.6\httpcore-4.4.6.jar;C:\Users\spassalacqua\.m2\repository\commons-logging\commons-logging\1.2\commons-logging-1.2.jar;C:\Users\spassalacqua\.m2\repository\commons-codec\commons-codec\1.9\commons-codec-1.9.jar;C:\Users\spassalacqua\.m2\repository\log4j\log4j\1.2.17\log4j-1.2.17.jar;C:\Users\spassalacqua\.m2\repository\org\mybatis\mybatis\3.5.2\mybatis-3.5.2.jar;C:\Users\spassalacqua\.m2\repository\org\postgresql\postgresql\42.2.6\postgresql-42.2.6.jar;C:\Users\spassalacqua\.m2\repository\org\apache\maven\surefire\surefire-testng\3.0.0-M3\surefire-testng-3.0.0-M3.jar;C:\Users\spassalacqua\.m2\repository\org\apache\maven\surefire\common-java5\3.0.0-M3\common-java5-3.0.0-M3.jar;C:\Users\spassalacqua\.m2\repository\org\apache\maven\surefire\surefire-testng-utils\3.0.0-M3\surefire-testng-utils-3.0.0-M3.jar;C:\Users\spassalacqua\.m2\repository\org\apache\maven\surefire\surefire-grouper\3.0.0-M3\surefire-grouper-3.0.0-M3.jar;C:\\Users\\spassalacqua\\.m2\\repository\\org\\jacoco\\org.jacoco.agent\\0.8.4\\org.jacoco.agent-0.8.4-runtime.jar"/>
    <property name="java.vm.vendor" value="Oracle Corporation"/>
    <property name="sun.arch.data.model" value="64"/>
    <property name="user.variant" value=""/>
    <property name="java.vendor.url" value="http://java.oracle.com/"/>
    <property name="user.timezone" value="America/Buenos_Aires"/>
    <property name="java.vm.specification.version" value="1.8"/>
    <property name="os.name" value="Windows 10"/>
    <property name="user.country" value="US"/>
    <property name="sun.java.launcher" value="SUN_STANDARD"/>
    <property name="sun.boot.library.path" value="C:\Program Files\Java\jdk1.8.0_221\jre\bin"/>
    <property name="sun.java.command" value="org.apache.maven.surefire.booter.ForkedBooter C:\Users\spassalacqua\AppData\Local\Temp\surefire5959274783343019065 2019-10-15T21-16-53_953-jvmRun1 surefire890953646403482405tmp surefire_04901527178309036910tmp"/>
    <property name="surefire.test.class.path" value="C:\Users\spassalacqua\Documents\GitHub\WAES\target\test-classes;C:\Users\spassalacqua\Documents\GitHub\WAES\target\classes;C:\Users\spassalacqua\.m2\repository\com\qaprosoft\carina-core\6.2.27\carina-core-6.2.27.jar;C:\Users\spassalacqua\.m2\repository\com\qaprosoft\carina-dataprovider\6.2.27\carina-dataprovider-6.2.27.jar;C:\Users\spassalacqua\.m2\repository\com\qaprosoft\carina-commons\6.2.27\carina-commons-6.2.27.jar;C:\Users\spassalacqua\.m2\repository\net\sf\opencsv\opencsv\1.7\opencsv-1.7.jar;C:\Users\spassalacqua\.m2\repository\org\apache\poi\poi-ooxml\3.11-beta3\poi-ooxml-3.11-beta3.jar;C:\Users\spassalacqua\.m2\repository\org\apache\poi\poi\3.11-beta3\poi-3.11-beta3.jar;C:\Users\spassalacqua\.m2\repository\org\apache\poi\poi-ooxml-schemas\3.11-beta3\poi-ooxml-schemas-3.11-beta3.jar;C:\Users\spassalacqua\.m2\repository\org\apache\xmlbeans\xmlbeans\2.6.0\xmlbeans-2.6.0.jar;C:\Users\spassalacqua\.m2\repository\stax\stax-api\1.0.1\stax-api-1.0.1.jar;C:\Users\spassalacqua\.m2\repository\com\google\apis\google-api-services-sheets\v4-rev581-1.25.0\google-api-services-sheets-v4-rev581-1.25.0.jar;C:\Users\spassalacqua\.m2\repository\com\qaprosoft\carina-utils\6.2.27\carina-utils-6.2.27.jar;C:\Users\spassalacqua\.m2\repository\com\qaprosoft\carina-crypto\6.2.27\carina-crypto-6.2.27.jar;C:\Users\spassalacqua\.m2\repository\commons-cli\commons-cli\1.2\commons-cli-1.2.jar;C:\Users\spassalacqua\.m2\repository\org\seleniumhq\selenium\selenium-remote-driver\3.141.59\selenium-remote-driver-3.141.59.jar;C:\Users\spassalacqua\.m2\repository\com\sun\jna\jna\3.0.9\jna-3.0.9.jar;C:\Users\spassalacqua\.m2\repository\com\jayway\restassured\rest-assured\2.9.0\rest-assured-2.9.0.jar;C:\Users\spassalacqua\.m2\repository\org\codehaus\groovy\groovy\2.4.4\groovy-2.4.4.jar;C:\Users\spassalacqua\.m2\repository\org\codehaus\groovy\groovy-xml\2.4.4\groovy-xml-2.4.4.jar;C:\Users\spassalacqua\.m2\repository\org\apache\httpcomponents\httpmime\4.5.1\httpmime-4.5.1.jar;C:\Users\spassalacqua\.m2\repository\org\ccil\cowan\tagsoup\tagsoup\1.2.1\tagsoup-1.2.1.jar;C:\Users\spassalacqua\.m2\repository\com\jayway\restassured\xml-path\2.9.0\xml-path-2.9.0.jar;C:\Users\spassalacqua\.m2\repository\com\jayway\restassured\json-path\2.9.0\json-path-2.9.0.jar;C:\Users\spassalacqua\.m2\repository\org\codehaus\groovy\groovy-json\2.4.4\groovy-json-2.4.4.jar;C:\Users\spassalacqua\.m2\repository\com\jayway\restassured\rest-assured-common\2.9.0\rest-assured-common-2.9.0.jar;C:\Users\spassalacqua\.m2\repository\org\apache\pdfbox\pdfbox\2.0.15\pdfbox-2.0.15.jar;C:\Users\spassalacqua\.m2\repository\org\apache\pdfbox\fontbox\2.0.15\fontbox-2.0.15.jar;C:\Users\spassalacqua\.m2\repository\com\fasterxml\jackson\core\jackson-databind\2.9.10\jackson-databind-2.9.10.jar;C:\Users\spassalacqua\.m2\repository\com\fasterxml\jackson\core\jackson-core\2.9.10\jackson-core-2.9.10.jar;C:\Users\spassalacqua\.m2\repository\com\fasterxml\jackson\core\jackson-annotations\2.9.9\jackson-annotations-2.9.9.jar;C:\Users\spassalacqua\.m2\repository\org\mongodb\mongo-java-driver\2.11.3\mongo-java-driver-2.11.3.jar;C:\Users\spassalacqua\.m2\repository\joda-time\joda-time\2.9.9\joda-time-2.9.9.jar;C:\Users\spassalacqua\.m2\repository\commons-net\commons-net\3.3\commons-net-3.3.jar;C:\Users\spassalacqua\.m2\repository\net\rcarz\jira-client\0.5\jira-client-0.5.jar;C:\Users\spassalacqua\.m2\repository\net\sf\json-lib\json-lib\2.4\json-lib-2.4-jdk15.jar;C:\Users\spassalacqua\.m2\repository\net\sf\ezmorph\ezmorph\1.0.6\ezmorph-1.0.6.jar;C:\Users\spassalacqua\.m2\repository\commons-httpclient\commons-httpclient\3.1\commons-httpclient-3.1.jar;C:\Users\spassalacqua\.m2\repository\org\imgscalr\imgscalr-lib\4.2\imgscalr-lib-4.2.jar;C:\Users\spassalacqua\.m2\repository\com\google\code\gson\gson\2.8.5\gson-2.8.5.jar;C:\Users\spassalacqua\.m2\repository\com\google\guava\guava\25.0-jre\guava-25.0-jre.jar;C:\Users\spassalacqua\.m2\repository\com\google\code\findbugs\jsr305\1.3.9\jsr305-1.3.9.jar;C:\Users\spassalacqua\.m2\repository\org\checkerframework\checker-compat-qual\2.0.0\checker-compat-qual-2.0.0.jar;C:\Users\spassalacqua\.m2\repository\com\google\errorprone\error_prone_annotations\2.1.3\error_prone_annotations-2.1.3.jar;C:\Users\spassalacqua\.m2\repository\com\google\j2objc\j2objc-annotations\1.1\j2objc-annotations-1.1.jar;C:\Users\spassalacqua\.m2\repository\org\codehaus\mojo\animal-sniffer-annotations\1.14\animal-sniffer-annotations-1.14.jar;C:\Users\spassalacqua\.m2\repository\javax\xml\bind\jaxb-api\2.2.2\jaxb-api-2.2.2.jar;C:\Users\spassalacqua\.m2\repository\javax\xml\stream\stax-api\1.0-2\stax-api-1.0-2.jar;C:\Users\spassalacqua\.m2\repository\javax\activation\activation\1.1\activation-1.1.jar;C:\Users\spassalacqua\.m2\repository\com\qaprosoft\carina-api\6.2.27\carina-api-6.2.27.jar;C:\Users\spassalacqua\.m2\repository\commons-configuration\commons-configuration\1.7\commons-configuration-1.7.jar;C:\Users\spassalacqua\.m2\repository\commons-digester\commons-digester\1.8.1\commons-digester-1.8.1.jar;C:\Users\spassalacqua\.m2\repository\org\freemarker\freemarker\2.3.14\freemarker-2.3.14.jar;C:\Users\spassalacqua\.m2\repository\org\skyscreamer\jsonassert\1.2.3\jsonassert-1.2.3.jar;C:\Users\spassalacqua\.m2\repository\com\github\fge\json-schema-validator\2.2.6\json-schema-validator-2.2.6.jar;C:\Users\spassalacqua\.m2\repository\com\googlecode\libphonenumber\libphonenumber\6.2\libphonenumber-6.2.jar;C:\Users\spassalacqua\.m2\repository\com\github\fge\json-schema-core\1.2.5\json-schema-core-1.2.5.jar;C:\Users\spassalacqua\.m2\repository\com\github\fge\uri-template\0.9\uri-template-0.9.jar;C:\Users\spassalacqua\.m2\repository\com\github\fge\msg-simple\1.1\msg-simple-1.1.jar;C:\Users\spassalacqua\.m2\repository\com\github\fge\btf\1.2\btf-1.2.jar;C:\Users\spassalacqua\.m2\repository\com\github\fge\jackson-coreutils\1.8\jackson-coreutils-1.8.jar;C:\Users\spassalacqua\.m2\repository\org\mozilla\rhino\1.7R4\rhino-1.7R4.jar;C:\Users\spassalacqua\.m2\repository\javax\mail\mailapi\1.4.3\mailapi-1.4.3.jar;C:\Users\spassalacqua\.m2\repository\net\sf\jopt-simple\jopt-simple\4.6\jopt-simple-4.6.jar;C:\Users\spassalacqua\.m2\repository\org\everit\json\org.everit.json.schema\1.5.1\org.everit.json.schema-1.5.1.jar;C:\Users\spassalacqua\.m2\repository\org\hamcrest\hamcrest-library\1.3\hamcrest-library-1.3.jar;C:\Users\spassalacqua\.m2\repository\org\json\json\20090211\json-20090211.jar;C:\Users\spassalacqua\.m2\repository\org\hamcrest\hamcrest-core\1.3\hamcrest-core-1.3.jar;C:\Users\spassalacqua\.m2\repository\com\qaprosoft\carina-reporting\6.2.27\carina-reporting-6.2.27.jar;C:\Users\spassalacqua\.m2\repository\com\pojosontheweb\monte-repack\1.0\monte-repack-1.0.jar;C:\Users\spassalacqua\.m2\repository\javax\media\jai\com.springsource.javax.media.jai.core\1.1.3\com.springsource.javax.media.jai.core-1.1.3.jar;C:\Users\spassalacqua\.m2\repository\javax\media\jai\com.springsource.javax.media.jai.codec\1.1.3\com.springsource.javax.media.jai.codec-1.1.3.jar;C:\Users\spassalacqua\.m2\repository\javax\media\jmf\2.1.1e\jmf-2.1.1e.jar;C:\Users\spassalacqua\.m2\repository\com\qaprosoft\carina-webdriver\6.2.27\carina-webdriver-6.2.27.jar;C:\Users\spassalacqua\.m2\repository\org\seleniumhq\selenium\selenium-firefox-driver\3.141.59\selenium-firefox-driver-3.141.59.jar;C:\Users\spassalacqua\.m2\repository\org\seleniumhq\selenium\selenium-chrome-driver\3.141.59\selenium-chrome-driver-3.141.59.jar;C:\Users\spassalacqua\.m2\repository\ru\yandex\qatools\ashot\ashot\1.5.3\ashot-1.5.3.jar;C:\Users\spassalacqua\.m2\repository\com\googlecode\lambdaj\lambdaj\2.3.3\lambdaj-2.3.3.jar;C:\Users\spassalacqua\.m2\repository\org\objenesis\objenesis\1.2\objenesis-1.2.jar;C:\Users\spassalacqua\.m2\repository\cglib\cglib-nodep\2.2\cglib-nodep-2.2.jar;C:\Users\spassalacqua\.m2\repository\com\itextpdf\itextpdf\5.0.6\itextpdf-5.0.6.jar;C:\Users\spassalacqua\.m2\repository\com\qaprosoft\alice-client\1.1.0\alice-client-1.1.0.jar;C:\Users\spassalacqua\.m2\repository\com\qaprosoft\alice-models\1.1.0\alice-models-1.1.0.jar;C:\Users\spassalacqua\.m2\repository\org\springframework\spring-tx\4.3.2.RELEASE\spring-tx-4.3.2.RELEASE.jar;C:\Users\spassalacqua\.m2\repository\org\springframework\spring-jdbc\4.3.2.RELEASE\spring-jdbc-4.3.2.RELEASE.jar;C:\Users\spassalacqua\.m2\repository\org\springframework\data\spring-data-mongodb\1.9.2.RELEASE\spring-data-mongodb-1.9.2.RELEASE.jar;C:\Users\spassalacqua\.m2\repository\org\springframework\data\spring-data-commons\1.12.2.RELEASE\spring-data-commons-1.12.2.RELEASE.jar;C:\Users\spassalacqua\.m2\repository\org\springframework\data\spring-data-redis\1.7.2.RELEASE\spring-data-redis-1.7.2.RELEASE.jar;C:\Users\spassalacqua\.m2\repository\org\springframework\data\spring-data-keyvalue\1.1.2.RELEASE\spring-data-keyvalue-1.1.2.RELEASE.jar;C:\Users\spassalacqua\.m2\repository\org\springframework\spring-oxm\4.2.6.RELEASE\spring-oxm-4.2.6.RELEASE.jar;C:\Users\spassalacqua\.m2\repository\org\springframework\spring-context-support\4.2.6.RELEASE\spring-context-support-4.2.6.RELEASE.jar;C:\Users\spassalacqua\.m2\repository\org\springframework\security\spring-security-core\4.2.3.RELEASE\spring-security-core-4.2.3.RELEASE.jar;C:\Users\spassalacqua\.m2\repository\net\sourceforge\jtds\jtds\1.3.1\jtds-1.3.1.jar;C:\Users\spassalacqua\.m2\repository\javax\servlet\jstl\1.2\jstl-1.2.jar;C:\Users\spassalacqua\.m2\repository\com\sun\jersey\contribs\jersey-multipart\1.19.4\jersey-multipart-1.19.4.jar;C:\Users\spassalacqua\.m2\repository\org\jvnet\mimepull\mimepull\1.9.3\mimepull-1.9.3.jar;C:\Users\spassalacqua\.m2\repository\org\reflections\reflections\0.9.10\reflections-0.9.10.jar;C:\Users\spassalacqua\.m2\repository\org\javassist\javassist\3.19.0-GA\javassist-3.19.0-GA.jar;C:\Users\spassalacqua\.m2\repository\com\google\code\findbugs\annotations\2.0.1\annotations-2.0.1.jar;C:\Users\spassalacqua\.m2\repository\com\sun\jersey\jersey-core\1.19.4\jersey-core-1.19.4.jar;C:\Users\spassalacqua\.m2\repository\javax\ws\rs\jsr311-api\1.1.1\jsr311-api-1.1.1.jar;C:\Users\spassalacqua\.m2\repository\org\hamcrest\hamcrest-all\1.3\hamcrest-all-1.3.jar;C:\Users\spassalacqua\.m2\repository\com\qaprosoft\carina-hockeyapp\6.2.27\carina-hockeyapp-6.2.27.jar;C:\Users\spassalacqua\.m2\repository\org\springframework\spring-web\4.1.1.RELEASE\spring-web-4.1.1.RELEASE.jar;C:\Users\spassalacqua\.m2\repository\org\springframework\spring-aop\4.1.1.RELEASE\spring-aop-4.1.1.RELEASE.jar;C:\Users\spassalacqua\.m2\repository\aopalliance\aopalliance\1.0\aopalliance-1.0.jar;C:\Users\spassalacqua\.m2\repository\org\springframework\spring-beans\4.1.1.RELEASE\spring-beans-4.1.1.RELEASE.jar;C:\Users\spassalacqua\.m2\repository\org\springframework\spring-core\4.1.1.RELEASE\spring-core-4.1.1.RELEASE.jar;C:\Users\spassalacqua\.m2\repository\com\qaprosoft\carina-aws-s3\6.2.27\carina-aws-s3-6.2.27.jar;C:\Users\spassalacqua\.m2\repository\com\amazonaws\aws-java-sdk-core\1.11.386\aws-java-sdk-core-1.11.386.jar;C:\Users\spassalacqua\.m2\repository\software\amazon\ion\ion-java\1.0.2\ion-java-1.0.2.jar;C:\Users\spassalacqua\.m2\repository\com\fasterxml\jackson\dataformat\jackson-dataformat-cbor\2.6.7\jackson-dataformat-cbor-2.6.7.jar;C:\Users\spassalacqua\.m2\repository\com\qaprosoft\carina-proxy\6.2.27\carina-proxy-6.2.27.jar;C:\Users\spassalacqua\.m2\repository\net\lightbody\bmp\browsermob-core\2.1.5\browsermob-core-2.1.5.jar;C:\Users\spassalacqua\.m2\repository\net\lightbody\bmp\littleproxy\1.1.0-beta-bmp-17\littleproxy-1.1.0-beta-bmp-17.jar;C:\Users\spassalacqua\.m2\repository\dnsjava\dnsjava\2.1.8\dnsjava-2.1.8.jar;C:\Users\spassalacqua\.m2\repository\org\slf4j\jcl-over-slf4j\1.7.25\jcl-over-slf4j-1.7.25.jar;C:\Users\spassalacqua\.m2\repository\com\jcraft\jzlib\1.1.3\jzlib-1.1.3.jar;C:\Users\spassalacqua\.m2\repository\org\bouncycastle\bcprov-jdk15on\1.58\bcprov-jdk15on-1.58.jar;C:\Users\spassalacqua\.m2\repository\org\bouncycastle\bcpkix-jdk15on\1.58\bcpkix-jdk15on-1.58.jar;C:\Users\spassalacqua\.m2\repository\net\lightbody\bmp\mitm\2.1.5\mitm-2.1.5.jar;C:\Users\spassalacqua\.m2\repository\io\netty\netty-all\4.1.17.Final\netty-all-4.1.17.Final.jar;C:\Users\spassalacqua\.m2\repository\org\apache\commons\commons-lang3\3.5\commons-lang3-3.5.jar;C:\Users\spassalacqua\.m2\repository\commons-io\commons-io\2.5\commons-io-2.5.jar;C:\Users\spassalacqua\.m2\repository\commons-collections\commons-collections\3.2.1\commons-collections-3.2.1.jar;C:\Users\spassalacqua\.m2\repository\com\qaprosoft\zafira-client\4.1.63\zafira-client-4.1.63.jar;C:\Users\spassalacqua\.m2\repository\org\apache\commons\commons-configuration2\2.5\commons-configuration2-2.5.jar;C:\Users\spassalacqua\.m2\repository\org\apache\commons\commons-text\1.8\commons-text-1.8.jar;C:\Users\spassalacqua\.m2\repository\com\google\http-client\google-http-client-jackson2\1.31.0\google-http-client-jackson2-1.31.0.jar;C:\Users\spassalacqua\.m2\repository\com\google\http-client\google-http-client\1.31.0\google-http-client-1.31.0.jar;C:\Users\spassalacqua\.m2\repository\io\opencensus\opencensus-api\0.21.0\opencensus-api-0.21.0.jar;C:\Users\spassalacqua\.m2\repository\io\grpc\grpc-context\1.19.0\grpc-context-1.19.0.jar;C:\Users\spassalacqua\.m2\repository\io\opencensus\opencensus-contrib-http-util\0.21.0\opencensus-contrib-http-util-0.21.0.jar;C:\Users\spassalacqua\.m2\repository\com\sun\jersey\jersey-client\1.19.4\jersey-client-1.19.4.jar;C:\Users\spassalacqua\.m2\repository\com\sun\jersey\jersey-json\1.19.4\jersey-json-1.19.4.jar;C:\Users\spassalacqua\.m2\repository\org\codehaus\jettison\jettison\1.1\jettison-1.1.jar;C:\Users\spassalacqua\.m2\repository\com\sun\xml\bind\jaxb-impl\2.2.3-1\jaxb-impl-2.2.3-1.jar;C:\Users\spassalacqua\.m2\repository\org\codehaus\jackson\jackson-core-asl\1.9.2\jackson-core-asl-1.9.2.jar;C:\Users\spassalacqua\.m2\repository\org\codehaus\jackson\jackson-mapper-asl\1.9.2\jackson-mapper-asl-1.9.2.jar;C:\Users\spassalacqua\.m2\repository\org\codehaus\jackson\jackson-jaxrs\1.9.2\jackson-jaxrs-1.9.2.jar;C:\Users\spassalacqua\.m2\repository\org\codehaus\jackson\jackson-xc\1.9.2\jackson-xc-1.9.2.jar;C:\Users\spassalacqua\.m2\repository\com\owlike\genson\0.99\genson-0.99.jar;C:\Users\spassalacqua\.m2\repository\org\slf4j\slf4j-api\1.7.26\slf4j-api-1.7.26.jar;C:\Users\spassalacqua\.m2\repository\com\rabbitmq\amqp-client\5.7.2\amqp-client-5.7.2.jar;C:\Users\spassalacqua\.m2\repository\com\google\api-client\google-api-client\1.30.2\google-api-client-1.30.2.jar;C:\Users\spassalacqua\.m2\repository\com\google\oauth-client\google-oauth-client\1.30.1\google-oauth-client-1.30.1.jar;C:\Users\spassalacqua\.m2\repository\javax\validation\validation-api\2.0.1.Final\validation-api-2.0.1.Final.jar;C:\Users\spassalacqua\.m2\repository\org\hibernate\validator\hibernate-validator\6.0.17.Final\hibernate-validator-6.0.17.Final.jar;C:\Users\spassalacqua\.m2\repository\org\jboss\logging\jboss-logging\3.3.2.Final\jboss-logging-3.3.2.Final.jar;C:\Users\spassalacqua\.m2\repository\com\fasterxml\classmate\1.3.4\classmate-1.3.4.jar;C:\Users\spassalacqua\.m2\repository\commons-beanutils\commons-beanutils\1.9.3\commons-beanutils-1.9.3.jar;C:\Users\spassalacqua\.m2\repository\org\seleniumhq\selenium\selenium-support\3.141.59\selenium-support-3.141.59.jar;C:\Users\spassalacqua\.m2\repository\net\bytebuddy\byte-buddy\1.8.15\byte-buddy-1.8.15.jar;C:\Users\spassalacqua\.m2\repository\org\apache\commons\commons-exec\1.3\commons-exec-1.3.jar;C:\Users\spassalacqua\.m2\repository\com\squareup\okhttp3\okhttp\3.11.0\okhttp-3.11.0.jar;C:\Users\spassalacqua\.m2\repository\com\squareup\okio\okio\1.14.0\okio-1.14.0.jar;C:\Users\spassalacqua\.m2\repository\org\seleniumhq\selenium\selenium-api\3.141.59\selenium-api-3.141.59.jar;C:\Users\spassalacqua\.m2\repository\com\amazonaws\aws-java-sdk-s3\1.11.386\aws-java-sdk-s3-1.11.386.jar;C:\Users\spassalacqua\.m2\repository\org\testng\testng\6.14.3\testng-6.14.3.jar;C:\Users\spassalacqua\.m2\repository\com\beust\jcommander\1.72\jcommander-1.72.jar;C:\Users\spassalacqua\.m2\repository\org\apache-extras\beanshell\bsh\2.0b6\bsh-2.0b6.jar;C:\Users\spassalacqua\.m2\repository\io\appium\java-client\7.0.0\java-client-7.0.0.jar;C:\Users\spassalacqua\.m2\repository\org\seleniumhq\selenium\selenium-java\3.141.59\selenium-java-3.141.59.jar;C:\Users\spassalacqua\.m2\repository\org\seleniumhq\selenium\selenium-edge-driver\3.141.59\selenium-edge-driver-3.141.59.jar;C:\Users\spassalacqua\.m2\repository\org\seleniumhq\selenium\selenium-ie-driver\3.141.59\selenium-ie-driver-3.141.59.jar;C:\Users\spassalacqua\.m2\repository\org\seleniumhq\selenium\selenium-opera-driver\3.141.59\selenium-opera-driver-3.141.59.jar;C:\Users\spassalacqua\.m2\repository\org\seleniumhq\selenium\selenium-safari-driver\3.141.59\selenium-safari-driver-3.141.59.jar;C:\Users\spassalacqua\.m2\repository\cglib\cglib\3.2.8\cglib-3.2.8.jar;C:\Users\spassalacqua\.m2\repository\org\ow2\asm\asm\6.2.1\asm-6.2.1.jar;C:\Users\spassalacqua\.m2\repository\org\apache\ant\ant\1.10.3\ant-1.10.3.jar;C:\Users\spassalacqua\.m2\repository\org\apache\ant\ant-launcher\1.10.3\ant-launcher-1.10.3.jar;C:\Users\spassalacqua\.m2\repository\commons-validator\commons-validator\1.6\commons-validator-1.6.jar;C:\Users\spassalacqua\.m2\repository\org\springframework\spring-context\5.1.0.RELEASE\spring-context-5.1.0.RELEASE.jar;C:\Users\spassalacqua\.m2\repository\org\springframework\spring-expression\5.1.0.RELEASE\spring-expression-5.1.0.RELEASE.jar;C:\Users\spassalacqua\.m2\repository\org\aspectj\aspectjweaver\1.9.1\aspectjweaver-1.9.1.jar;C:\Users\spassalacqua\.m2\repository\com\qaprosoft\carina-cucumber\1.0.2\carina-cucumber-1.0.2.jar;C:\Users\spassalacqua\.m2\repository\info\cukes\cucumber-testng\1.2.5\cucumber-testng-1.2.5.jar;C:\Users\spassalacqua\.m2\repository\info\cukes\cucumber-core\1.2.5\cucumber-core-1.2.5.jar;C:\Users\spassalacqua\.m2\repository\info\cukes\cucumber-html\0.2.3\cucumber-html-0.2.3.jar;C:\Users\spassalacqua\.m2\repository\info\cukes\cucumber-jvm-deps\1.0.5\cucumber-jvm-deps-1.0.5.jar;C:\Users\spassalacqua\.m2\repository\info\cukes\gherkin\2.12.2\gherkin-2.12.2.jar;C:\Users\spassalacqua\.m2\repository\info\cukes\cucumber-java\1.2.5\cucumber-java-1.2.5.jar;C:\Users\spassalacqua\.m2\repository\net\masterthought\cucumber-reporting\2.6.3\cucumber-reporting-2.6.3.jar;C:\Users\spassalacqua\.m2\repository\org\apache\logging\log4j\log4j-api\2.6.2\log4j-api-2.6.2.jar;C:\Users\spassalacqua\.m2\repository\org\apache\logging\log4j\log4j-core\2.6.2\log4j-core-2.6.2.jar;C:\Users\spassalacqua\.m2\repository\org\apache\velocity\velocity\1.7\velocity-1.7.jar;C:\Users\spassalacqua\.m2\repository\commons-lang\commons-lang\2.4\commons-lang-2.4.jar;C:\Users\spassalacqua\.m2\repository\velocity-tools\velocity-tools\1.4\velocity-tools-1.4.jar;C:\Users\spassalacqua\.m2\repository\net\lingala\zip4j\zip4j\1.3.2\zip4j-1.3.2.jar;C:\Users\spassalacqua\.m2\repository\org\codehaus\plexus\plexus-utils\3.0.24\plexus-utils-3.0.24.jar;C:\Users\spassalacqua\.m2\repository\org\jsoup\jsoup\1.9.2\jsoup-1.9.2.jar;C:\Users\spassalacqua\.m2\repository\org\apache\httpcomponents\httpclient\4.5.3\httpclient-4.5.3.jar;C:\Users\spassalacqua\.m2\repository\org\apache\httpcomponents\httpcore\4.4.6\httpcore-4.4.6.jar;C:\Users\spassalacqua\.m2\repository\commons-logging\commons-logging\1.2\commons-logging-1.2.jar;C:\Users\spassalacqua\.m2\repository\commons-codec\commons-codec\1.9\commons-codec-1.9.jar;C:\Users\spassalacqua\.m2\repository\log4j\log4j\1.2.17\log4j-1.2.17.jar;C:\Users\spassalacqua\.m2\repository\org\mybatis\mybatis\3.5.2\mybatis-3.5.2.jar;C:\Users\spassalacqua\.m2\repository\org\postgresql\postgresql\42.2.6\postgresql-42.2.6.jar;"/>
    <property name="sun.cpu.endian" value="little"/>
    <property name="user.home" value="C:\Users\spassalacqua"/>
    <property name="user.language" value="en"/>
    <property name="java.specification.vendor" value="Oracle Corporation"/>
    <property name="java.home" value="C:\Program Files\Java\jdk1.8.0_221\jre"/>
    <property name="basedir" value="C:\Users\spassalacqua\Documents\GitHub\WAES"/>
    <property name="file.separator" value="\"/>
    <property name="line.separator" value="&#10;"/>
    <property name="java.vm.specification.vendor" value="Oracle Corporation"/>
    <property name="java.specification.name" value="Java Platform API Specification"/>
    <property name="java.awt.graphicsenv" value="sun.awt.Win32GraphicsEnvironment"/>
    <property name="sun.boot.class.path" value="C:\Program Files\Java\jdk1.8.0_221\jre\lib\resources.jar;C:\Program Files\Java\jdk1.8.0_221\jre\lib\rt.jar;C:\Program Files\Java\jdk1.8.0_221\jre\lib\sunrsasign.jar;C:\Program Files\Java\jdk1.8.0_221\jre\lib\jsse.jar;C:\Program Files\Java\jdk1.8.0_221\jre\lib\jce.jar;C:\Program Files\Java\jdk1.8.0_221\jre\lib\charsets.jar;C:\Program Files\Java\jdk1.8.0_221\jre\lib\jfr.jar;C:\Program Files\Java\jdk1.8.0_221\jre\classes"/>
    <property name="user.script" value=""/>
    <property name="sun.management.compiler" value="HotSpot 64-Bit Tiered Compilers"/>
    <property name="java.runtime.version" value="1.8.0_221-b11"/>
    <property name="user.name" value="spassalacqua"/>
    <property name="path.separator" value=";"/>
    <property name="os.version" value="10.0"/>
    <property name="java.endorsed.dirs" value="C:\Program Files\Java\jdk1.8.0_221\jre\lib\endorsed"/>
    <property name="java.runtime.name" value="Java(TM) SE Runtime Environment"/>
    <property name="file.encoding" value="Cp1252"/>
    <property name="java.vm.name" value="Java HotSpot(TM) 64-Bit Server VM"/>
    <property name="localRepository" value="C:\Users\spassalacqua\.m2\repository"/>
    <property name="java.vendor.url.bug" value="http://bugreport.sun.com/bugreport/"/>
    <property name="java.io.tmpdir" value="C:\Users\SPASSA~1\AppData\Local\Temp\"/>
    <property name="java.version" value="1.8.0_221"/>
    <property name="user.dir" value="C:\Users\spassalacqua\Documents\GitHub\WAES"/>
    <property name="os.arch" value="amd64"/>
    <property name="java.vm.specification.name" value="Java Virtual Machine Specification"/>
    <property name="java.awt.printerjob" value="sun.awt.windows.WPrinterJob"/>
    <property name="sun.os.patch.level" value=""/>
    <property name="java.library.path" value="C:\Program Files\Java\jdk1.8.0_221\jre\bin;C:\windows\Sun\Java\bin;C:\windows\system32;C:\windows;C:\Program Files (x86)\RSA SecurID Token Common;C:\Program Files (x86)\Common Files\Oracle\Java\javapath;C:\windows\system32;C:\windows;C:\windows\System32\Wbem;C:\windows\System32\WindowsPowerShell\v1.0\;C:\windows\System32\OpenSSH\;C:\Program Files\Java\jdk1.8.0_221\bin;C:\Program Files\Maven\apache-maven-3.6.1\bin;C:\Program Files\nodejs\;C:\Users\spassalacqua\AppData\Local\Android\Sdk\platform-tools;C:\Users\spassalacqua\AppData\Local\Android\Sdk\tools\bin;C:\Program Files\Git\cmd;C:\Users\spassalacqua\AppData\Local\Microsoft\WindowsApps;C:\Program Files\JetBrains\IntelliJ IDEA Community Edition 2019.2\bin;C:\Users\spassalacqua\AppData\Roaming\npm;C:\Users\spassalacqua\AppData\Local\GitHubDesktop\bin;."/>
    <property name="suite" value="all-web-features"/>
    <property name="java.vm.info" value="mixed mode"/>
    <property name="java.vendor" value="Oracle Corporation"/>
    <property name="java.vm.version" value="25.221-b11"/>
    <property name="java.ext.dirs" value="C:\Program Files\Java\jdk1.8.0_221\jre\lib\ext;C:\windows\Sun\Java\lib\ext"/>
    <property name="sun.io.unicode.encoding" value="UnicodeLittle"/>
    <property name="java.class.version" value="52.0"/>
  </properties>
  <testcase name="feature" classname="com.waes.cucumber.tests.NewWAESPortalInitialFunctionalities" time="33.615"/>
  <testcase name="feature" classname="com.waes.cucumber.tests.NewWAESPortalInitialFunctionalities" time="12.965"/>
  <testcase name="feature" classname="com.waes.cucumber.tests.NewWAESPortalInitialFunctionalities" time="27.311"/>
  <testcase name="feature" classname="com.waes.cucumber.tests.NewWAESPortalInitialFunctionalities" time="66.606"/>
  <testcase name="feature" classname="com.waes.cucumber.tests.NewWAESPortalInitialFunctionalities" time="49.414"/>
  <testcase name="feature" classname="com.waes.cucumber.tests.NewWAESPortalInitialFunctionalities" time="65.413"/>
  <testcase name="feature" classname="com.waes.cucumber.tests.NewWAESPortalInitialFunctionalities" time="18.208"/>
  <testcase name="feature" classname="com.waes.cucumber.tests.NewWAESPortalInitialFunctionalities" time="39.243"/>
</testsuite>